2015/01/08 17:24:05 [error] [php] date(): It is not safe to rely on the system's timezone settings. You are *required* to use the date.timezone setting or the date_default_timezone_set() function. In case you used any of those methods and you are still getting this warning, you most likely misspelled the timezone identifier. We selected the timezone 'UTC' for now, but please set date.timezone to select your timezone. (/Users/BAWES/Sites/property/protected/views/layouts/main.php:51)
Stack trace:
#0 /Users/BAWES/yii/framework/web/CBaseController.php(95): SiteController->renderInternal()
#1 /Users/BAWES/yii/framework/web/widgets/CContentDecorator.php(76): SiteController->renderFile()
#2 /Users/BAWES/yii/framework/web/widgets/CContentDecorator.php(54): CContentDecorator->decorate()
#3 /Users/BAWES/yii/framework/web/widgets/COutputProcessor.php(44): CContentDecorator->processOutput()
#4 /Users/BAWES/yii/framework/web/CBaseController.php(206): CContentDecorator->run()
#5 /Users/BAWES/yii/framework/web/CBaseController.php(300): SiteController->endWidget()
#6 /Users/BAWES/Sites/property/protected/views/layouts/column1.php(6): SiteController->endContent()
#7 /Users/BAWES/yii/framework/web/CBaseController.php(126): require()
#8 /Users/BAWES/yii/framework/web/CBaseController.php(95): SiteController->renderInternal()
#9 /Users/BAWES/yii/framework/web/CController.php(784): SiteController->renderFile()
#10 /Users/BAWES/Sites/property/protected/controllers/SiteController.php(32): SiteController->render()
#11 /Users/BAWES/yii/framework/web/actions/CInlineAction.php(49): SiteController->actionIndex()
#12 /Users/BAWES/yii/framework/web/CController.php(308): CInlineAction->runWithParams()
#13 /Users/BAWES/yii/framework/web/CController.php(286): SiteController->runAction()
#14 /Users/BAWES/yii/framework/web/CController.php(265): SiteController->runActionWithFilters()
#15 /Users/BAWES/yii/framework/web/CWebApplication.php(282): SiteController->run()
#16 /Users/BAWES/yii/framework/web/CWebApplication.php(141): CWebApplication->runController()
#17 /Users/BAWES/yii/framework/base/CApplication.php(180): CWebApplication->processRequest()
#18 /Users/BAWES/Sites/property/index.php(13): CWebApplication->run()
REQUEST_URI=/~BAWES/property/
in /Users/BAWES/Sites/property/protected/views/layouts/main.php (51)
in /Users/BAWES/Sites/property/protected/views/layouts/column1.php (6)
in /Users/BAWES/Sites/property/protected/controllers/SiteController.php (32)
2015/01/08 21:11:45 [error] [php] include(Admin.php): failed to open stream: No such file or directory (/Users/BAWES/yii/framework/YiiBase.php:427)
Stack trace:
#0 /Users/BAWES/Sites/property/protected/modules/admin/components/UserIdentity.php(14): spl_autoload_call()
#1 /Users/BAWES/Sites/property/protected/modules/admin/models/LoginForm.php(52): UserIdentity->authenticate()
#2 /Users/BAWES/yii/framework/validators/CInlineValidator.php(42): LoginForm->authenticate()
#3 /Users/BAWES/yii/framework/validators/CValidator.php(213): CInlineValidator->validateAttribute()
#4 /Users/BAWES/yii/framework/base/CModel.php(159): CInlineValidator->validate()
#5 /Users/BAWES/Sites/property/protected/modules/admin/controllers/DefaultController.php(37): LoginForm->validate()
#6 /Users/BAWES/yii/framework/web/actions/CInlineAction.php(49): DefaultController->actionLogin()
#7 /Users/BAWES/yii/framework/web/CController.php(308): CInlineAction->runWithParams()
#8 /Users/BAWES/yii/framework/web/CController.php(286): DefaultController->runAction()
#9 /Users/BAWES/yii/framework/web/CController.php(265): DefaultController->runActionWithFilters()
#10 /Users/BAWES/yii/framework/web/CWebApplication.php(282): DefaultController->run()
#11 /Users/BAWES/yii/framework/web/CWebApplication.php(141): CWebApplication->runController()
#12 /Users/BAWES/yii/framework/base/CApplication.php(180): CWebApplication->processRequest()
#13 /Users/BAWES/Sites/property/index.php(13): CWebApplication->run()
REQUEST_URI=/~BAWES/property/index.php/admin/default/login
in /Users/BAWES/Sites/property/protected/modules/admin/components/UserIdentity.php (14)
in /Users/BAWES/Sites/property/protected/modules/admin/models/LoginForm.php (52)
in /Users/BAWES/Sites/property/protected/modules/admin/controllers/DefaultController.php (37)
